<?xml version="1.0" encoding="UTF-8"?>
<testsuite xmlns:xsi="http://www.w3.org/2001/XMLSchema-instance" xsi:noNamespaceSchemaLocation="https://maven.apache.org/surefire/maven-surefire-plugin/xsd/surefire-test-report-3.0.xsd" version="3.0" name="io.github.haminio.endpoint.DefaultCircuitBreakerTest" time="0.023" tests="6" errors="0" skipped="0" failures="0">
  <properties>
[...]
</properties>
  <testcase name="closesAfterRecoveryThresholdFromHalfOpen" classname="io.github.haminio.endpoint.DefaultCircuitBreakerTest" time="0.007"/>
  <testcase name="opensAfterFailureThreshold" classname="io.github.haminio.endpoint.DefaultCircuitBreakerTest" time="0.004"/>
  <testcase name="initiallyClosedAndAllowsRequests" classname="io.github.haminio.endpoint.DefaultCircuitBreakerTest" time="0.001"/>
  <testcase name="halfOpenAfterAttemptReset" classname="io.github.haminio.endpoint.DefaultCircuitBreakerTest" time="0.002"/>
  <testcase name="flappingProtection_halfOpenFailureReopens" classname="io.github.haminio.endpoint.DefaultCircuitBreakerTest" time="0.001"/>
  <testcase name="successResetsFailureCounterInClosed" classname="io.github.haminio.endpoint.DefaultCircuitBreakerTest" time="0.002"/>
</testsuite>